<html>
<body>
<pre>
<h1>µVision Build Log</h1>
<h2>Project:</h2>
U:\bglasner\My Documents\pics_before_chicks\DOG\UVFrameworkTemplate.uvprojx
Project File Date:  05/23/2017

<h2>Output:</h2>
Rebuild target 'BaseFrameworkTarget'
compiling main.c...
compiling EventCheckers.c...
compiling TemplateFSM.c...
compiling ES_ShortTimer.c...
compiling ADMulti.c...
compiling Hardware.c...
Source\Hardware.c(227): warning:  #186-D: pointless comparison of unsigned integer with zero
        if(0 <= DriveCtrl < 127) //If we are less than 127, we are going in reverse
Source\Hardware.c: 1 warning, 0 errors
compiling HardwareTestService.c...
assembling startup_rvmdk.S...
compiling ES_CheckEvents.c...
compiling ES_DeferRecall.c...
compiling ES_Framework.c...
compiling ES_LookupTables.c...
compiling ES_Port.c...
compiling ES_PostList.c...
compiling ES_Queue.c...
compiling ES_Timers.c...
compiling retarget.c...
compiling termio.c...
compiling uartstdio.c...
linking...
Program Size: Code=5776 RO-data=788 RW-data=60 ZI-data=2380  
After Build - User command #1: fromelf --bin --output .\Outputs\BaseTarget.bin .\Outputs\BaseTarget.axf
".\Outputs\BaseTarget.axf" - 0 Error(s), 1 Warning(s).
ookupTables.c...
compiling ES_Port.c...
compiling ES_PostList.c...
compiling ES_Queue.c...
compiling ES_Timers.c...
compiling retarget.c...
compiling termio.c...
compiling uartstdio.c...
".\Outputs\BaseTarget.axf" - 1 Error(s), 3 Warning(s).
Target not created
            Waiting2Rec,
.\Headers\DogRXSM.h(20): error:  #20: identifier "Receive" is undefined
                                                        Receive
.\Headers\DogRXSM.h(21): error:  #65: expected a ";"
                                                        } DogRX_State_t;
.\Headers\DogRXSM.h(21): error:  #77-D: this declaration has no storage class or type specifier
                                                        } DogRX_State_t;
Source\EventCheckers.c: 1 warning, 9 errors
compiling TemplateFSM.c...
compiling ES_ShortTimer.c...
compiling ADMulti.c...
compiling Hardware.c...
Source\Hardware.c(226): warning:  #186-D: pointless comparison of unsigned integer with zero
        if(0 <= DriveCtrl < 127) //If we are less than 127, we are going in reverse
Source\Hardware.c(229): warning:  #223-D: function "SetDirectionThrust" declared implicitly
                SetDirectionThrust(REVERSE);
Source\Hardware.c(224): warning:  #177-D: variable "DutyCycle" was declared but never referenced
        uint8_t DutyCycle;
Source\Hardware.c(320): error:  #159: declaration is incompatible with previous "SetDirectionThrust" (declared at line 229)
  void SetDirectionThrust(uint8_t dir) 
Source\Hardware.c: 3 warnings, 1 error
compiling HardwareTestService.c...
Source\HardwareTestService.c(44): error:  #130: expected a "{"
  static uint8_t MyPriority;
Source\HardwareTestService.c(67): warning:  #12-D: parsing restarts here after previous syntax error
  {
Source\HardwareTestService.c(70): error:  #20: identifier "MyPriority" is undefined
    MyPriority = Priority;
Source\HardwareTestService.c(70): error:  #20: identifier "Priority" is undefined
    MyPriority = Priority;
Source\HardwareTestService.c(76): error:  #118: a void function may not return a value
        return true;
Source\HardwareTestService.c(79): error:  #118: a void function may not return a value
        return false;
Source\HardwareTestService.c(102): error:  #20: identifier "MyPriority" is undefined
    return ES_PostToService( MyPriority, ThisEvent);
Source\HardwareTestService.c: 1 warning, 6 errors
assembling startup_rvmdk.S...
compiling ES_CheckEvents.c...
compiling ES_DeferRecall.c...
compiling ES_Framework.c...
compiling ES_LookupTables.c...
compiling ES_Port.c...
compiling ES_PostList.c...
compiling ES_Queue.c...
compiling ES_Timers.c...
compiling retarget.c...
compiling termio.c...
compiling uartstdio.c...
".\Outputs\BaseTarget.axf" - 17 Error(s), 6 Warning(s).
Target not created
